This file contains any messages produced by compilers while
running configure, to aid debugging if configure makes a mistake.

It was created by libami configure 0.9.6, which was
generated by GNU Autoconf 2.69.  Invocation command line was

  $ ./configure --no-create --no-recursion

## --------- ##
## Platform. ##
## --------- ##

hostname = MyGalaxy
uname -m = x86_64
uname -r = 3.13.0-32-generic
uname -s = Linux
uname -v = #57-Ubuntu SMP Tue Jul 15 03:51:08 UTC 2014

/usr/bin/uname -p = unknown
/bin/uname -X     = unknown

/bin/arch              = unknown
/usr/bin/arch -k       = unknown
/usr/convex/getsysinfo = unknown
/usr/bin/hostinfo      = unknown
/bin/machine           = unknown
/usr/bin/oslevel       = unknown
/bin/universe          = unknown

PATH: /usr/local/sbin
PATH: /usr/local/bin
PATH: /usr/sbin
PATH: /usr/bin
PATH: /sbin
PATH: /bin
PATH: /usr/games
PATH: /usr/local/games
PATH: /usr/local/freeswitch/bin


## ----------- ##
## Core tests. ##
## ----------- ##

configure:2596: checking for a BSD-compatible install
configure:2664: result: /usr/bin/install -c
configure:2675: checking whether build environment is sane
configure:2712: result: yes
configure:2774: checking for gawk
configure:2790: found /usr/bin/gawk
configure:2801: result: gawk
configure:2812: checking whether make sets $(MAKE)
configure:2834: result: yes
configure:3019: checking build system type
configure:3033: result: x86_64-unknown-linux-gnu
configure:3053: checking host system type
configure:3066: result: x86_64-unknown-linux-gnu
configure:3144: checking for gcc
configure:3160: found /usr/bin/gcc
configure:3171: result: gcc
configure:3400: checking for C compiler version
configure:3409: gcc --version >&5
gcc-4.8.real (Ubuntu 4.8.2-19ubuntu1) 4.8.2
Copyright (C) 2013 Free Software Foundation, Inc.
This is free software; see the source for copying conditions.  There is NO
warranty; not even for MERCHANTABILITY or FITNESS FOR A PARTICULAR PURPOSE.

configure:3420: $? = 0
configure:3409: gcc -v >&5
Using built-in specs.
COLLECT_GCC=/usr/bin/gcc-4.8.real
COLLECT_LTO_WRAPPER=/usr/lib/gcc/x86_64-linux-gnu/4.8/lto-wrapper
Target: x86_64-linux-gnu
Configured with: ../src/configure -v --with-pkgversion='Ubuntu 4.8.2-19ubuntu1' --with-bugurl=file:///usr/share/doc/gcc-4.8/README.Bugs --enable-languages=c,c++,java,go,d,fortran,objc,obj-c++ --prefix=/usr --program-suffix=-4.8 --enable-shared --enable-linker-build-id --libexecdir=/usr/lib --without-included-gettext --enable-threads=posix --with-gxx-include-dir=/usr/include/c++/4.8 --libdir=/usr/lib --enable-nls --with-sysroot=/ --enable-clocale=gnu --enable-libstdcxx-debug --enable-libstdcxx-time=yes --enable-gnu-unique-object --disable-libmudflap --enable-plugin --with-system-zlib --disable-browser-plugin --enable-java-awt=gtk --enable-gtk-cairo --with-java-home=/usr/lib/jvm/java-1.5.0-gcj-4.8-amd64/jre --enable-java-home --with-jvm-root-dir=/usr/lib/jvm/java-1.5.0-gcj-4.8-amd64 --with-jvm-jar-dir=/usr/lib/jvm-exports/java-1.5.0-gcj-4.8-amd64 --with-arch-directory=amd64 --with-ecj-jar=/usr/share/java/eclipse-ecj.jar --enable-objc-gc --enable-multiarch --disable-werror --with-arch-32=i686 --with-abi=m64 --with-multilib-list=m32,m64,mx32 --with-tune=generic --enable-checking=release --build=x86_64-linux-gnu --host=x86_64-linux-gnu --target=x86_64-linux-gnu
Thread model: posix
gcc version 4.8.2 (Ubuntu 4.8.2-19ubuntu1) 
configure:3420: $? = 0
configure:3409: gcc -V >&5
gcc-4.8.real: error: unrecognized command line option '-V'
gcc-4.8.real: fatal error: no input files
compilation terminated.
configure:3420: $? = 4
configure:3409: gcc -qversion >&5
gcc-4.8.real: error: unrecognized command line option '-qversion'
gcc-4.8.real: fatal error: no input files
compilation terminated.
configure:3420: $? = 4
configure:3440: checking whether the C compiler works
configure:3462: gcc    conftest.c  >&5
configure:3466: $? = 0
configure:3514: result: yes
configure:3517: checking for C compiler default output file name
configure:3519: result: a.out
configure:3525: checking for suffix of executables
configure:3532: gcc -o conftest    conftest.c  >&5
configure:3536: $? = 0
configure:3558: result: 
configure:3580: checking whether we are cross compiling
configure:3588: gcc -o conftest    conftest.c  >&5
configure:3592: $? = 0
configure:3599: ./conftest
configure:3603: $? = 0
configure:3618: result: no
configure:3623: checking for suffix of object files
configure:3645: gcc -c   conftest.c >&5
configure:3649: $? = 0
configure:3670: result: o
configure:3674: checking whether we are using the GNU C compiler
configure:3693: gcc -c   conftest.c >&5
configure:3693: $? = 0
configure:3702: result: yes
configure:3711: checking whether gcc accepts -g
configure:3731: gcc -c -g  conftest.c >&5
configure:3731: $? = 0
configure:3772: result: yes
configure:3789: checking for gcc option to accept ISO C89
configure:3852: gcc  -c -g -O2  conftest.c >&5
configure:3852: $? = 0
configure:3865: result: none needed
configure:3896: checking for style of include used by make
configure:3924: result: GNU
configure:3952: checking dependency style of gcc
configure:4042: result: gcc3
configure:4059: checking whether ln -s works
configure:4063: result: yes
configure:4114: checking for ranlib
configure:4130: found /usr/bin/ranlib
configure:4141: result: ranlib
configure:4180: checking how to run the C preprocessor
configure:4211: gcc -E  conftest.c
configure:4211: $? = 0
configure:4225: gcc -E  conftest.c
conftest.c:11:28: fatal error: ac_nonexistent.h: No such file or directory
 #include <ac_nonexistent.h>
                            ^
compilation terminated.
configure:4225: $? = 1
configure: failed program was:
| /* confdefs.h */
| #define PACKAGE_NAME "libami"
| #define PACKAGE_TARNAME "libami"
| #define PACKAGE_VERSION "0.9.6"
| #define PACKAGE_STRING "libami 0.9.6"
| #define PACKAGE_BUGREPORT "j@intuitivecreations.com"
| #define PACKAGE_URL ""
| #define PACKAGE "libami"
| #define VERSION "0.9.6"
| /* end confdefs.h.  */
| #include <ac_nonexistent.h>
configure:4250: result: gcc -E
configure:4270: gcc -E  conftest.c
configure:4270: $? = 0
configure:4284: gcc -E  conftest.c
conftest.c:11:28: fatal error: ac_nonexistent.h: No such file or directory
 #include <ac_nonexistent.h>
                            ^
compilation terminated.
configure:4284: $? = 1
configure: failed program was:
| /* confdefs.h */
| #define PACKAGE_NAME "libami"
| #define PACKAGE_TARNAME "libami"
| #define PACKAGE_VERSION "0.9.6"
| #define PACKAGE_STRING "libami 0.9.6"
| #define PACKAGE_BUGREPORT "j@intuitivecreations.com"
| #define PACKAGE_URL ""
| #define PACKAGE "libami"
| #define VERSION "0.9.6"
| /* end confdefs.h.  */
| #include <ac_nonexistent.h>
configure:4313: checking for grep that handles long lines and -e
configure:4371: result: /bin/grep
configure:4376: checking for egrep
configure:4438: result: /bin/grep -E
configure:4443: checking for ANSI C header files
configure:4463: gcc -c -g -O2  conftest.c >&5
configure:4463: $? = 0
configure:4536: gcc -o conftest -g -O2   conftest.c  >&5
configure:4536: $? = 0
configure:4536: ./conftest
configure:4536: $? = 0
configure:4547: result: yes
configure:4560: checking for sys/types.h
configure:4560: gcc -c -g -O2  conftest.c >&5
configure:4560: $? = 0
configure:4560: result: yes
configure:4560: checking for sys/stat.h
configure:4560: gcc -c -g -O2  conftest.c >&5
configure:4560: $? = 0
configure:4560: result: yes
configure:4560: checking for stdlib.h
configure:4560: gcc -c -g -O2  conftest.c >&5
configure:4560: $? = 0
configure:4560: result: yes
configure:4560: checking for string.h
configure:4560: gcc -c -g -O2  conftest.c >&5
configure:4560: $? = 0
configure:4560: result: yes
configure:4560: checking for memory.h
configure:4560: gcc -c -g -O2  conftest.c >&5
configure:4560: $? = 0
configure:4560: result: yes
configure:4560: checking for strings.h
configure:4560: gcc -c -g -O2  conftest.c >&5
configure:4560: $? = 0
configure:4560: result: yes
configure:4560: checking for inttypes.h
configure:4560: gcc -c -g -O2  conftest.c >&5
configure:4560: $? = 0
configure:4560: result: yes
configure:4560: checking for stdint.h
configure:4560: gcc -c -g -O2  conftest.c >&5
configure:4560: $? = 0
configure:4560: result: yes
configure:4560: checking for unistd.h
configure:4560: gcc -c -g -O2  conftest.c >&5
configure:4560: $? = 0
configure:4560: result: yes
configure:4575: checking for stdlib.h
configure:4575: result: yes
configure:4575: checking for string.h
configure:4575: result: yes
configure:4575: checking sys/socket.h usability
configure:4575: gcc -c -g -O2  conftest.c >&5
configure:4575: $? = 0
configure:4575: result: yes
configure:4575: checking sys/socket.h presence
configure:4575: gcc -E  conftest.c
configure:4575: $? = 0
configure:4575: result: yes
configure:4575: checking for sys/socket.h
configure:4575: result: yes
configure:4575: checking winsock2.h usability
configure:4575: gcc -c -g -O2  conftest.c >&5
conftest.c:57:22: fatal error: winsock2.h: No such file or directory
 #include <winsock2.h>
                      ^
compilation terminated.
configure:4575: $? = 1
configure: failed program was:
| /* confdefs.h */
| #define PACKAGE_NAME "libami"
| #define PACKAGE_TARNAME "libami"
| #define PACKAGE_VERSION "0.9.6"
| #define PACKAGE_STRING "libami 0.9.6"
| #define PACKAGE_BUGREPORT "j@intuitivecreations.com"
| #define PACKAGE_URL ""
| #define PACKAGE "libami"
| #define VERSION "0.9.6"
| #define STDC_HEADERS 1
| #define HAVE_SYS_TYPES_H 1
| #define HAVE_SYS_STAT_H 1
| #define HAVE_STDLIB_H 1
| #define HAVE_STRING_H 1
| #define HAVE_MEMORY_H 1
| #define HAVE_STRINGS_H 1
| #define HAVE_INTTYPES_H 1
| #define HAVE_STDINT_H 1
| #define HAVE_UNISTD_H 1
| #define HAVE_STDLIB_H 1
| #define HAVE_STRING_H 1
| #define HAVE_SYS_SOCKET_H 1
| /* end confdefs.h.  */
| #include <stdio.h>
| #ifdef HAVE_SYS_TYPES_H
| # include <sys/types.h>
| #endif
| #ifdef HAVE_SYS_STAT_H
| # include <sys/stat.h>
| #endif
| #ifdef STDC_HEADERS
| # include <stdlib.h>
| # include <stddef.h>
| #else
| # ifdef HAVE_STDLIB_H
| #  include <stdlib.h>
| # endif
| #endif
| #ifdef HAVE_STRING_H
| # if !defined STDC_HEADERS && defined HAVE_MEMORY_H
| #  include <memory.h>
| # endif
| # include <string.h>
| #endif
| #ifdef HAVE_STRINGS_H
| # include <strings.h>
| #endif
| #ifdef HAVE_INTTYPES_H
| # include <inttypes.h>
| #endif
| #ifdef HAVE_STDINT_H
| # include <stdint.h>
| #endif
| #ifdef HAVE_UNISTD_H
| # include <unistd.h>
| #endif
| #include <winsock2.h>
configure:4575: result: no
configure:4575: checking winsock2.h presence
configure:4575: gcc -E  conftest.c
conftest.c:24:22: fatal error: winsock2.h: No such file or directory
 #include <winsock2.h>
                      ^
compilation terminated.
configure:4575: $? = 1
configure: failed program was:
| /* confdefs.h */
| #define PACKAGE_NAME "libami"
| #define PACKAGE_TARNAME "libami"
| #define PACKAGE_VERSION "0.9.6"
| #define PACKAGE_STRING "libami 0.9.6"
| #define PACKAGE_BUGREPORT "j@intuitivecreations.com"
| #define PACKAGE_URL ""
| #define PACKAGE "libami"
| #define VERSION "0.9.6"
| #define STDC_HEADERS 1
| #define HAVE_SYS_TYPES_H 1
| #define HAVE_SYS_STAT_H 1
| #define HAVE_STDLIB_H 1
| #define HAVE_STRING_H 1
| #define HAVE_MEMORY_H 1
| #define HAVE_STRINGS_H 1
| #define HAVE_INTTYPES_H 1
| #define HAVE_STDINT_H 1
| #define HAVE_UNISTD_H 1
| #define HAVE_STDLIB_H 1
| #define HAVE_STRING_H 1
| #define HAVE_SYS_SOCKET_H 1
| /* end confdefs.h.  */
| #include <winsock2.h>
configure:4575: result: no
configure:4575: checking for winsock2.h
configure:4575: result: no
configure:4587: checking for an ANSI C-conforming const
configure:4653: gcc -c -g -O2  conftest.c >&5
configure:4653: $? = 0
configure:4660: result: yes
configure:4668: checking whether time.h and sys/time.h may both be included
configure:4688: gcc -c -g -O2  conftest.c >&5
configure:4688: $? = 0
configure:4695: result: yes
configure:4707: checking for stdlib.h
configure:4707: result: yes
configure:4717: checking for GNU libc compatible malloc
configure:4741: gcc -o conftest -g -O2   conftest.c  >&5
configure:4741: $? = 0
configure:4741: ./conftest
configure:4741: $? = 0
configure:4751: result: yes
configure:4774: checking for stdlib.h
configure:4774: result: yes
configure:4784: checking for GNU libc compatible realloc
configure:4808: gcc -o conftest -g -O2   conftest.c  >&5
configure:4808: $? = 0
configure:4808: ./conftest
configure:4808: $? = 0
configure:4818: result: yes
configure:4842: checking sys/select.h usability
configure:4842: gcc -c -g -O2  conftest.c >&5
configure:4842: $? = 0
configure:4842: result: yes
configure:4842: checking sys/select.h presence
configure:4842: gcc -E  conftest.c
configure:4842: $? = 0
configure:4842: result: yes
configure:4842: checking for sys/select.h
configure:4842: result: yes
configure:4842: checking for sys/socket.h
configure:4842: result: yes
configure:4852: checking types of arguments for select
configure:4880: gcc -c -g -O2  conftest.c >&5
configure:4880: $? = 0
configure:4891: result: int,fd_set *,struct timeval *
configure:4917: checking for send
configure:4917: gcc -o conftest -g -O2   conftest.c  >&5
configure:4917: $? = 0
configure:4917: result: yes
configure:4917: checking for recv
configure:4917: gcc -o conftest -g -O2   conftest.c  >&5
configure:4917: $? = 0
configure:4917: result: yes
configure:4917: checking for select
configure:4917: gcc -o conftest -g -O2   conftest.c  >&5
configure:4917: $? = 0
configure:4917: result: yes
configure:4917: checking for strcasecmp
configure:4917: gcc -o conftest -g -O2   conftest.c  >&5
conftest.c:60:6: warning: conflicting types for built-in function 'strcasecmp' [enabled by default]
 char strcasecmp ();
      ^
configure:4917: $? = 0
configure:4917: result: yes
configure:4917: checking for strrchr
configure:4917: gcc -o conftest -g -O2   conftest.c  >&5
conftest.c:61:6: warning: conflicting types for built-in function 'strrchr' [enabled by default]
 char strrchr ();
      ^
configure:4917: $? = 0
configure:4917: result: yes
configure:4917: checking for strstr
configure:4917: gcc -o conftest -g -O2   conftest.c  >&5
conftest.c:62:6: warning: conflicting types for built-in function 'strstr' [enabled by default]
 char strstr ();
      ^
configure:4917: $? = 0
configure:4917: result: yes
configure:5001: checking for a sed that does not truncate output
configure:5057: result: /bin/sed
configure:5071: checking for ld used by gcc
configure:5138: result: /usr/bin/ld
configure:5145: checking if the linker (/usr/bin/ld) is GNU ld
configure:5160: result: yes
configure:5165: checking for /usr/bin/ld option to reload object files
configure:5172: result: -r
configure:5190: checking for BSD-compatible nm
configure:5239: result: /usr/bin/nm -B
configure:5243: checking how to recognize dependent libraries
configure:5429: result: pass_all
configure:5517: gcc -c -g -O2  conftest.c >&5
configure:5520: $? = 0
configure:5645: checking dlfcn.h usability
configure:5645: gcc -c -g -O2  conftest.c >&5
configure:5645: $? = 0
configure:5645: result: yes
configure:5645: checking dlfcn.h presence
configure:5645: gcc -E  conftest.c
configure:5645: $? = 0
configure:5645: result: yes
configure:5645: checking for dlfcn.h
configure:5645: result: yes
configure:5713: checking for g++
configure:5729: found /usr/bin/g++
configure:5740: result: g++
configure:5767: checking for C++ compiler version
configure:5776: g++ --version >&5
g++-4.8.real (Ubuntu 4.8.2-19ubuntu1) 4.8.2
Copyright (C) 2013 Free Software Foundation, Inc.
This is free software; see the source for copying conditions.  There is NO
warranty; not even for MERCHANTABILITY or FITNESS FOR A PARTICULAR PURPOSE.

configure:5787: $? = 0
configure:5776: g++ -v >&5
Using built-in specs.
COLLECT_GCC=/usr/bin/g++-4.8.real
COLLECT_LTO_WRAPPER=/usr/lib/gcc/x86_64-linux-gnu/4.8/lto-wrapper
Target: x86_64-linux-gnu
Configured with: ../src/configure -v --with-pkgversion='Ubuntu 4.8.2-19ubuntu1' --with-bugurl=file:///usr/share/doc/gcc-4.8/README.Bugs --enable-languages=c,c++,java,go,d,fortran,objc,obj-c++ --prefix=/usr --program-suffix=-4.8 --enable-shared --enable-linker-build-id --libexecdir=/usr/lib --without-included-gettext --enable-threads=posix --with-gxx-include-dir=/usr/include/c++/4.8 --libdir=/usr/lib --enable-nls --with-sysroot=/ --enable-clocale=gnu --enable-libstdcxx-debug --enable-libstdcxx-time=yes --enable-gnu-unique-object --disable-libmudflap --enable-plugin --with-system-zlib --disable-browser-plugin --enable-java-awt=gtk --enable-gtk-cairo --with-java-home=/usr/lib/jvm/java-1.5.0-gcj-4.8-amd64/jre --enable-java-home --with-jvm-root-dir=/usr/lib/jvm/java-1.5.0-gcj-4.8-amd64 --with-jvm-jar-dir=/usr/lib/jvm-exports/java-1.5.0-gcj-4.8-amd64 --with-arch-directory=amd64 --with-ecj-jar=/usr/share/java/eclipse-ecj.jar --enable-objc-gc --enable-multiarch --disable-werror --with-arch-32=i686 --with-abi=m64 --with-multilib-list=m32,m64,mx32 --with-tune=generic --enable-checking=release --build=x86_64-linux-gnu --host=x86_64-linux-gnu --target=x86_64-linux-gnu
Thread model: posix
gcc version 4.8.2 (Ubuntu 4.8.2-19ubuntu1) 
configure:5787: $? = 0
configure:5776: g++ -V >&5
g++-4.8.real: error: unrecognized command line option '-V'
g++-4.8.real: fatal error: no input files
compilation terminated.
configure:5787: $? = 4
configure:5776: g++ -qversion >&5
g++-4.8.real: error: unrecognized command line option '-qversion'
g++-4.8.real: fatal error: no input files
compilation terminated.
configure:5787: $? = 4
configure:5791: checking whether we are using the GNU C++ compiler
configure:5810: g++ -c   conftest.cpp >&5
configure:5810: $? = 0
configure:5819: result: yes
configure:5828: checking whether g++ accepts -g
configure:5848: g++ -c -g  conftest.cpp >&5
configure:5848: $? = 0
configure:5889: result: yes
configure:5914: checking dependency style of g++
configure:6004: result: gcc3
configure:6031: checking how to run the C++ preprocessor
configure:6058: g++ -E  conftest.cpp
configure:6058: $? = 0
configure:6072: g++ -E  conftest.cpp
conftest.cpp:41:28: fatal error: ac_nonexistent.h: No such file or directory
 #include <ac_nonexistent.h>
                            ^
compilation terminated.
configure:6072: $? = 1
configure: failed program was:
| /* confdefs.h */
| #define PACKAGE_NAME "libami"
| #define PACKAGE_TARNAME "libami"
| #define PACKAGE_VERSION "0.9.6"
| #define PACKAGE_STRING "libami 0.9.6"
| #define PACKAGE_BUGREPORT "j@intuitivecreations.com"
| #define PACKAGE_URL ""
| #define PACKAGE "libami"
| #define VERSION "0.9.6"
| #define STDC_HEADERS 1
| #define HAVE_SYS_TYPES_H 1
| #define HAVE_SYS_STAT_H 1
| #define HAVE_STDLIB_H 1
| #define HAVE_STRING_H 1
| #define HAVE_MEMORY_H 1
| #define HAVE_STRINGS_H 1
| #define HAVE_INTTYPES_H 1
| #define HAVE_STDINT_H 1
| #define HAVE_UNISTD_H 1
| #define HAVE_STDLIB_H 1
| #define HAVE_STRING_H 1
| #define HAVE_SYS_SOCKET_H 1
| #define TIME_WITH_SYS_TIME 1
| #define HAVE_STDLIB_H 1
| #define HAVE_MALLOC 1
| #define HAVE_STDLIB_H 1
| #define HAVE_REALLOC 1
| #define HAVE_SYS_SELECT_H 1
| #define HAVE_SYS_SOCKET_H 1
| #define SELECT_TYPE_ARG1 int
| #define SELECT_TYPE_ARG234 (fd_set *)
| #define SELECT_TYPE_ARG5 (struct timeval *)
| #define HAVE_SEND 1
| #define HAVE_RECV 1
| #define HAVE_SELECT 1
| #define HAVE_STRCASECMP 1
| #define HAVE_STRRCHR 1
| #define HAVE_STRSTR 1
| #define HAVE_DLFCN_H 1
| /* end confdefs.h.  */
| #include <ac_nonexistent.h>
configure:6097: result: g++ -E
configure:6117: g++ -E  conftest.cpp
configure:6117: $? = 0
configure:6131: g++ -E  conftest.cpp
conftest.cpp:41:28: fatal error: ac_nonexistent.h: No such file or directory
 #include <ac_nonexistent.h>
                            ^
compilation terminated.
configure:6131: $? = 1
configure: failed program was:
| /* confdefs.h */
| #define PACKAGE_NAME "libami"
| #define PACKAGE_TARNAME "libami"
| #define PACKAGE_VERSION "0.9.6"
| #define PACKAGE_STRING "libami 0.9.6"
| #define PACKAGE_BUGREPORT "j@intuitivecreations.com"
| #define PACKAGE_URL ""
| #define PACKAGE "libami"
| #define VERSION "0.9.6"
| #define STDC_HEADERS 1
| #define HAVE_SYS_TYPES_H 1
| #define HAVE_SYS_STAT_H 1
| #define HAVE_STDLIB_H 1
| #define HAVE_STRING_H 1
| #define HAVE_MEMORY_H 1
| #define HAVE_STRINGS_H 1
| #define HAVE_INTTYPES_H 1
| #define HAVE_STDINT_H 1
| #define HAVE_UNISTD_H 1
| #define HAVE_STDLIB_H 1
| #define HAVE_STRING_H 1
| #define HAVE_SYS_SOCKET_H 1
| #define TIME_WITH_SYS_TIME 1
| #define HAVE_STDLIB_H 1
| #define HAVE_MALLOC 1
| #define HAVE_STDLIB_H 1
| #define HAVE_REALLOC 1
| #define HAVE_SYS_SELECT_H 1
| #define HAVE_SYS_SOCKET_H 1
| #define SELECT_TYPE_ARG1 int
| #define SELECT_TYPE_ARG234 (fd_set *)
| #define SELECT_TYPE_ARG5 (struct timeval *)
| #define HAVE_SEND 1
| #define HAVE_RECV 1
| #define HAVE_SELECT 1
| #define HAVE_STRCASECMP 1
| #define HAVE_STRRCHR 1
| #define HAVE_STRSTR 1
| #define HAVE_DLFCN_H 1
| /* end confdefs.h.  */
| #include <ac_nonexistent.h>
configure:6215: checking for g77
configure:6245: result: no
configure:6215: checking for xlf
configure:6245: result: no
configure:6215: checking for f77
configure:6245: result: no
configure:6215: checking for frt
configure:6245: result: no
configure:6215: checking for pgf77
configure:6245: result: no
configure:6215: checking for cf77
configure:6245: result: no
configure:6215: checking for fort77
configure:6245: result: no
configure:6215: checking for fl32
configure:6245: result: no
configure:6215: checking for af77
configure:6245: result: no
configure:6215: checking for xlf90
configure:6245: result: no
configure:6215: checking for f90
configure:6245: result: no
configure:6215: checking for pgf90
configure:6245: result: no
configure:6215: checking for pghpf
configure:6245: result: no
configure:6215: checking for epcf90
configure:6245: result: no
configure:6215: checking for gfortran
configure:6245: result: no
configure:6215: checking for g95
configure:6245: result: no
configure:6215: checking for xlf95
configure:6245: result: no
configure:6215: checking for f95
configure:6245: result: no
configure:6215: checking for fort
configure:6245: result: no
configure:6215: checking for ifort
configure:6245: result: no
configure:6215: checking for ifc
configure:6245: result: no
configure:6215: checking for efc
configure:6245: result: no
configure:6215: checking for pgfortran
configure:6245: result: no
configure:6215: checking for pgf95
configure:6245: result: no
configure:6215: checking for lf95
configure:6245: result: no
configure:6215: checking for ftn
configure:6245: result: no
configure:6215: checking for nagfor
configure:6245: result: no
configure:6268: checking for Fortran 77 compiler version
configure:6277:  --version >&5
./configure: line 6279: --version: command not found
configure:6288: $? = 127
configure:6277:  -v >&5
./configure: line 6279: -v: command not found
configure:6288: $? = 127
configure:6277:  -V >&5
./configure: line 6279: -V: command not found
configure:6288: $? = 127
configure:6277:  -qversion >&5
./configure: line 6279: -qversion: command not found
configure:6288: $? = 127
configure:6297: checking whether we are using the GNU Fortran 77 compiler
configure:6310:  -c  conftest.F >&5
./configure: line 2131: -c: command not found
configure:6310: $? = 127
configure: failed program was:
|       program main
| #ifndef __GNUC__
|        choke me
| #endif
| 
|       end
configure:6319: result: no
configure:6325: checking whether  accepts -g
configure:6336:  -c -g conftest.f >&5
./configure: line 2131: -c: command not found
configure:6336: $? = 127
configure: failed program was:
|       program main
| 
|       end
configure:6344: result: no
configure:6377: checking the maximum length of command line arguments
configure:6489: result: 3458764513820540925
configure:6501: checking command to parse /usr/bin/nm -B output from gcc object
configure:6606: gcc -c -g -O2  conftest.c >&5
configure:6609: $? = 0
configure:6613: /usr/bin/nm -B conftest.o \| sed -n -e 's/^.*[ 	]\([ABCDGIRSTW][ABCDGIRSTW]*\)[ 	][ 	]*\([_A-Za-z][_A-Za-z0-9]*\)$/\1 \2 \2/p' \> conftest.nm
configure:6616: $? = 0
configure:6668: gcc -o conftest -g -O2   conftest.c conftstm.o >&5
configure:6671: $? = 0
configure:6709: result: ok
configure:6713: checking for objdir
configure:6728: result: .libs
configure:6820: checking for ar
configure:6836: found /usr/bin/ar
configure:6847: result: ar
configure:6912: checking for ranlib
configure:6939: result: ranlib
configure:7004: checking for strip
configure:7020: found /usr/bin/strip
configure:7031: result: strip
configure:7592: checking if gcc supports -fno-rtti -fno-exceptions
configure:7610: gcc -c -g -O2  -fno-rtti -fno-exceptions conftest.c >&5
cc1: warning: command line option '-fno-rtti' is valid for C++/ObjC++ but not for C [enabled by default]
configure:7614: $? = 0
configure:7627: result: no
configure:7642: checking for gcc option to produce PIC
configure:7874: result: -fPIC
configure:7882: checking if gcc PIC flag -fPIC works
configure:7900: gcc -c -g -O2  -fPIC -DPIC conftest.c >&5
configure:7904: $? = 0
configure:7917: result: yes
configure:7945: checking if gcc static flag -static works
configure:7973: result: yes
configure:7983: checking if gcc supports -c -o file.o
configure:8004: gcc -c -g -O2  -o out/conftest2.o conftest.c >&5
configure:8008: $? = 0
configure:8030: result: yes
configure:8056: checking whether the gcc linker (/usr/bin/ld -m elf_x86_64) supports shared libraries
configure:8983: result: yes
configure:9004: checking whether -lc should be explicitly linked in
configure:9009: gcc -c -g -O2  conftest.c >&5
configure:9012: $? = 0
configure:9027: gcc -shared conftest.o  -v -Wl,-soname -Wl,conftest -o conftest 2\>\&1 \| grep  -lc  \>/dev/null 2\>\&1
configure:9030: $? = 0
configure:9042: result: no
configure:9050: checking dynamic linker characteristics
configure:9664: result: GNU/Linux ld.so
configure:9688: checking how to hardcode library paths into programs
configure:9713: result: immediate
configure:9727: checking whether stripping libraries is possible
configure:9732: result: yes
configure:10249: checking if libtool supports shared libraries
configure:10251: result: yes
configure:10254: checking whether to build shared libraries
configure:10275: result: yes
configure:10278: checking whether to build static libraries
configure:10282: result: no
configure:10376: creating libtool
configure:10965: checking for ld used by g++
configure:11032: result: /usr/bin/ld -m elf_x86_64
configure:11039: checking if the linker (/usr/bin/ld -m elf_x86_64) is GNU ld
configure:11054: result: yes
configure:11105: checking whether the g++ linker (/usr/bin/ld -m elf_x86_64) supports shared libraries
configure:11997: result: yes
configure:12014: g++ -c -g -O2  conftest.cpp >&5
configure:12017: $? = 0
configure:12173: checking for g++ option to produce PIC
configure:12457: result: -fPIC
configure:12465: checking if g++ PIC flag -fPIC works
configure:12483: g++ -c -g -O2  -fPIC -DPIC conftest.cpp >&5
configure:12487: $? = 0
configure:12500: result: yes
configure:12528: checking if g++ static flag -static works
configure:12556: result: yes
configure:12566: checking if g++ supports -c -o file.o
configure:12587: g++ -c -g -O2  -o out/conftest2.o conftest.cpp >&5
configure:12591: $? = 0
configure:12613: result: yes
configure:12639: checking whether the g++ linker (/usr/bin/ld -m elf_x86_64) supports shared libraries
configure:12668: result: yes
configure:12735: checking dynamic linker characteristics
configure:13297: result: GNU/Linux ld.so
configure:13321: checking how to hardcode library paths into programs
configure:13346: result: immediate
configure:19618: creating ./config.status

## ---------------- ##
## Cache variables. ##
## ---------------- ##

ac_cv_build=x86_64-unknown-linux-gnu
ac_cv_c_compiler_gnu=yes
ac_cv_c_const=yes
ac_cv_cxx_compiler_gnu=yes
ac_cv_env_CCC_set=
ac_cv_env_CCC_value=
ac_cv_env_CC_set=
ac_cv_env_CC_value=
ac_cv_env_CFLAGS_set=
ac_cv_env_CFLAGS_value=
ac_cv_env_CPPFLAGS_set=
ac_cv_env_CPPFLAGS_value=
ac_cv_env_CPP_set=
ac_cv_env_CPP_value=
ac_cv_env_CXXCPP_set=
ac_cv_env_CXXCPP_value=
ac_cv_env_CXXFLAGS_set=
ac_cv_env_CXXFLAGS_value=
ac_cv_env_CXX_set=
ac_cv_env_CXX_value=
ac_cv_env_F77_set=
ac_cv_env_F77_value=
ac_cv_env_FFLAGS_set=
ac_cv_env_FFLAGS_value=
ac_cv_env_LDFLAGS_set=
ac_cv_env_LDFLAGS_value=
ac_cv_env_LIBS_set=
ac_cv_env_LIBS_value=
ac_cv_env_build_alias_set=
ac_cv_env_build_alias_value=
ac_cv_env_host_alias_set=
ac_cv_env_host_alias_value=
ac_cv_env_target_alias_set=
ac_cv_env_target_alias_value=
ac_cv_f77_compiler_gnu=no
ac_cv_func_malloc_0_nonnull=yes
ac_cv_func_realloc_0_nonnull=yes
ac_cv_func_recv=yes
ac_cv_func_select=yes
ac_cv_func_select_args='int,fd_set *,struct timeval *'
ac_cv_func_send=yes
ac_cv_func_strcasecmp=yes
ac_cv_func_strrchr=yes
ac_cv_func_strstr=yes
ac_cv_header_dlfcn_h=yes
ac_cv_header_inttypes_h=yes
ac_cv_header_memory_h=yes
ac_cv_header_stdc=yes
ac_cv_header_stdint_h=yes
ac_cv_header_stdlib_h=yes
ac_cv_header_string_h=yes
ac_cv_header_strings_h=yes
ac_cv_header_sys_select_h=yes
ac_cv_header_sys_socket_h=yes
ac_cv_header_sys_stat_h=yes
ac_cv_header_sys_types_h=yes
ac_cv_header_time=yes
ac_cv_header_unistd_h=yes
ac_cv_header_winsock2_h=no
ac_cv_host=x86_64-unknown-linux-gnu
ac_cv_objext=o
ac_cv_path_EGREP='/bin/grep -E'
ac_cv_path_GREP=/bin/grep
ac_cv_path_install='/usr/bin/install -c'
ac_cv_prog_AWK=gawk
ac_cv_prog_CPP='gcc -E'
ac_cv_prog_CXXCPP='g++ -E'
ac_cv_prog_ac_ct_AR=ar
ac_cv_prog_ac_ct_CC=gcc
ac_cv_prog_ac_ct_CXX=g++
ac_cv_prog_ac_ct_RANLIB=ranlib
ac_cv_prog_ac_ct_STRIP=strip
ac_cv_prog_cc_c89=
ac_cv_prog_cc_g=yes
ac_cv_prog_cxx_g=yes
ac_cv_prog_f77_g=no
ac_cv_prog_make_make_set=yes
am_cv_CC_dependencies_compiler_type=gcc3
am_cv_CXX_dependencies_compiler_type=gcc3
lt_cv_deplibs_check_method=pass_all
lt_cv_file_magic_cmd='$MAGIC_CMD'
lt_cv_file_magic_test_file=
lt_cv_ld_reload_flag=-r
lt_cv_objdir=.libs
lt_cv_path_LD=/usr/bin/ld
lt_cv_path_LDCXX='/usr/bin/ld -m elf_x86_64'
lt_cv_path_NM='/usr/bin/nm -B'
lt_cv_path_SED=/bin/sed
lt_cv_prog_compiler_c_o=yes
lt_cv_prog_compiler_c_o_CXX=yes
lt_cv_prog_compiler_pic_works=yes
lt_cv_prog_compiler_pic_works_CXX=yes
lt_cv_prog_compiler_rtti_exceptions=no
lt_cv_prog_compiler_static_works=yes
lt_cv_prog_compiler_static_works_CXX=yes
lt_cv_prog_gnu_ld=yes
lt_cv_prog_gnu_ldcxx=yes
lt_cv_sys_global_symbol_pipe='sed -n -e '\''s/^.*[ 	]\([ABCDGIRSTW][ABCDGIRSTW]*\)[ 	][ 	]*\([_A-Za-z][_A-Za-z0-9]*\)$/\1 \2 \2/p'\'''
lt_cv_sys_global_symbol_to_c_name_address='sed -n -e '\''s/^: \([^ ]*\) $/  {\"\1\", (lt_ptr) 0},/p'\'' -e '\''s/^[BCDEGRST] \([^ ]*\) \([^ ]*\)$/  {"\2", (lt_ptr) \&\2},/p'\'''
lt_cv_sys_global_symbol_to_cdecl='sed -n -e '\''s/^. .* \(.*\)$/extern int \1;/p'\'''
lt_cv_sys_lib_dlsearch_path_spec='/lib /usr/lib /usr/lib/x86_64-linux-gnu/libfakeroot /usr/lib/i386-linux-gnu/mesa-egl /usr/lib/i386-linux-gnu/mesa /lib/i386-linux-gnu /usr/lib/i386-linux-gnu /lib/i686-linux-gnu /usr/lib/i686-linux-gnu /usr/local/lib /lib/x86_64-linux-gnu /usr/lib/x86_64-linux-gnu /usr/lib/x86_64-linux-gnu/mesa-egl /usr/lib/x86_64-linux-gnu/mesa /usr/lib/x86_64-linux-gnu/mir/clientplatform/mesa /lib32 /usr/lib32 '
lt_cv_sys_lib_search_path_spec='/usr/lib/gcc/x86_64-linux-gnu/4.8 /usr/lib/x86_64-linux-gnu /usr/lib /lib/x86_64-linux-gnu /lib'
lt_cv_sys_max_cmd_len=3458764513820540925
lt_lt_cv_prog_compiler_c_o='"yes"'
lt_lt_cv_prog_compiler_c_o_CXX='"yes"'
lt_lt_cv_sys_global_symbol_pipe='"sed -n -e '\''s/^.*[ 	]\\([ABCDGIRSTW][ABCDGIRSTW]*\\)[ 	][ 	]*\\([_A-Za-z][_A-Za-z0-9]*\\)\$/\\1 \\2 \\2/p'\''"'
lt_lt_cv_sys_global_symbol_to_c_name_address='"sed -n -e '\''s/^: \\([^ ]*\\) \$/  {\\\"\\1\\\", (lt_ptr) 0},/p'\'' -e '\''s/^[BCDEGRST] \\([^ ]*\\) \\([^ ]*\\)\$/  {\"\\2\", (lt_ptr) \\&\\2},/p'\''"'
lt_lt_cv_sys_global_symbol_to_cdecl='"sed -n -e '\''s/^. .* \\(.*\\)\$/extern int \\1;/p'\''"'

## ----------------- ##
## Output variables. ##
## ----------------- ##

ACLOCAL='${SHELL} /home/pchero/workspace/Study/Project/libami/missing --run aclocal-1.9'
AMDEPBACKSLASH='\'
AMDEP_FALSE='#'
AMDEP_TRUE=''
AMTAR='${SHELL} /home/pchero/workspace/Study/Project/libami/missing --run tar'
AR='ar'
AUTOCONF='${SHELL} /home/pchero/workspace/Study/Project/libami/missing --run autoconf'
AUTOHEADER='${SHELL} /home/pchero/workspace/Study/Project/libami/missing --run autoheader'
AUTOMAKE='${SHELL} /home/pchero/workspace/Study/Project/libami/missing --run automake-1.9'
AWK='gawk'
CC='gcc'
CCDEPMODE='depmode=gcc3'
CFLAGS='-g -O2'
CPP='gcc -E'
CPPFLAGS=''
CXX='g++'
CXXCPP='g++ -E'
CXXDEPMODE='depmode=gcc3'
CXXFLAGS='-g -O2'
CYGPATH_W='echo'
DEFS='-DHAVE_CONFIG_H'
DEPDIR='.deps'
DSYMUTIL=''
ECHO='echo'
ECHO_C=''
ECHO_N='-n'
ECHO_T=''
EGREP='/bin/grep -E'
EXEEXT=''
F77=''
FFLAGS=''
GREP='/bin/grep'
INSTALL_DATA='${INSTALL} -m 644'
INSTALL_PROGRAM='${INSTALL}'
INSTALL_SCRIPT='${INSTALL}'
INSTALL_STRIP_PROGRAM='${SHELL} $(install_sh) -c -s'
LDFLAGS=''
LIBOBJS=''
LIBS=''
LIBTOOL='$(SHELL) $(top_builddir)/libtool'
LN_S='ln -s'
LTLIBOBJS=''
LT_AGE='0'
LT_CURRENT='1'
LT_REVISION='0'
MAKEINFO='${SHELL} /home/pchero/workspace/Study/Project/libami/missing --run makeinfo'
NMEDIT=''
OBJEXT='o'
PACKAGE='libami'
PACKAGE_BUGREPORT='j@intuitivecreations.com'
PACKAGE_NAME='libami'
PACKAGE_STRING='libami 0.9.6'
PACKAGE_TARNAME='libami'
PACKAGE_URL=''
PACKAGE_VERSION='0.9.6'
PATH_SEPARATOR=':'
RANLIB='ranlib'
SED='/bin/sed'
SET_MAKE=''
SHELL='/bin/bash'
STRIP='strip'
VERSION='0.9.6'
ac_ct_CC='gcc'
ac_ct_CXX='g++'
ac_ct_F77=''
am__fastdepCC_FALSE='#'
am__fastdepCC_TRUE=''
am__fastdepCXX_FALSE='#'
am__fastdepCXX_TRUE=''
am__include='include'
am__leading_dot='.'
am__quote=''
am__tar='${AMTAR} chof - "$$tardir"'
am__untar='${AMTAR} xf -'
bindir='${exec_prefix}/bin'
build='x86_64-unknown-linux-gnu'
build_alias=''
build_cpu='x86_64'
build_os='linux-gnu'
build_vendor='unknown'
datadir='${datarootdir}'
datarootdir='${prefix}/share'
docdir='${datarootdir}/doc/${PACKAGE_TARNAME}'
dvidir='${docdir}'
exec_prefix='${prefix}'
host='x86_64-unknown-linux-gnu'
host_alias=''
host_cpu='x86_64'
host_os='linux-gnu'
host_vendor='unknown'
htmldir='${docdir}'
includedir='${prefix}/include'
infodir='${datarootdir}/info'
install_sh='/home/pchero/workspace/Study/Project/libami/install-sh'
libdir='${exec_prefix}/lib'
libexecdir='${exec_prefix}/libexec'
localedir='${datarootdir}/locale'
localstatedir='${prefix}/var'
mandir='${datarootdir}/man'
mkdir_p='mkdir -p --'
oldincludedir='/usr/include'
pdfdir='${docdir}'
prefix='/usr/local'
program_transform_name='s,x,x,'
psdir='${docdir}'
sbindir='${exec_prefix}/sbin'
sharedstatedir='${prefix}/com'
sysconfdir='${prefix}/etc'
target_alias=''

## ----------- ##
## confdefs.h. ##
## ----------- ##

/* confdefs.h */
#define PACKAGE_NAME "libami"
#define PACKAGE_TARNAME "libami"
#define PACKAGE_VERSION "0.9.6"
#define PACKAGE_STRING "libami 0.9.6"
#define PACKAGE_BUGREPORT "j@intuitivecreations.com"
#define PACKAGE_URL ""
#define PACKAGE "libami"
#define VERSION "0.9.6"
#define STDC_HEADERS 1
#define HAVE_SYS_TYPES_H 1
#define HAVE_SYS_STAT_H 1
#define HAVE_STDLIB_H 1
#define HAVE_STRING_H 1
#define HAVE_MEMORY_H 1
#define HAVE_STRINGS_H 1
#define HAVE_INTTYPES_H 1
#define HAVE_STDINT_H 1
#define HAVE_UNISTD_H 1
#define HAVE_STDLIB_H 1
#define HAVE_STRING_H 1
#define HAVE_SYS_SOCKET_H 1
#define TIME_WITH_SYS_TIME 1
#define HAVE_STDLIB_H 1
#define HAVE_MALLOC 1
#define HAVE_STDLIB_H 1
#define HAVE_REALLOC 1
#define HAVE_SYS_SELECT_H 1
#define HAVE_SYS_SOCKET_H 1
#define SELECT_TYPE_ARG1 int
#define SELECT_TYPE_ARG234 (fd_set *)
#define SELECT_TYPE_ARG5 (struct timeval *)
#define HAVE_SEND 1
#define HAVE_RECV 1
#define HAVE_SELECT 1
#define HAVE_STRCASECMP 1
#define HAVE_STRRCHR 1
#define HAVE_STRSTR 1
#define HAVE_DLFCN_H 1

configure: exit 0

## ---------------------- ##
## Running config.status. ##
## ---------------------- ##

This file was extended by libami config.status 0.9.6, which was
generated by GNU Autoconf 2.69.  Invocation command line was

  CONFIG_FILES    = 
  CONFIG_HEADERS  = 
  CONFIG_LINKS    = 
  CONFIG_COMMANDS = 
  $ ./config.status 

on MyGalaxy

config.status:891: creating Makefile
config.status:891: creating config.h
config.status:1066: config.h is unchanged
config.status:1113: executing depfiles commands
